C51 COMPILER V7.06   DIGIT                                                                 09/12/2014 09:47:59 PAGE 1   


C51 COMPILER V7.06, COMPILATION OF MODULE DIGIT
OBJECT MODULE PLACED IN digit.OBJ
COMPILER INVOKED BY: C:\Keil\C51\BIN\C51.EXE digit.c BROWSE DEBUG OBJECTEXTEND

stmt level    source

   1          #include <reg52.h>
   2          #include <intrins.h>
   3          #define uint unsigned int
   4          #define uchar unsigned char
   5          
   6          
   7          sbit P10=P1^0;
   8          sbit P11=P1^1;
   9          sbit P12=P1^2;
  10          sbit P13=P1^3;
  11          
  12          sfr digit_segment_port = 0xA0; //P2 declearation
  13          
  14          void delay(uchar x)
  15          {
  16   1          uchar j;
  17   1          while(x--){
  18   2              for(j=0;j<125;j++)
  19   2                  {;}
  20   2              }   
  21   1      }
  22          
  23          /******************************************************************/
  24          /*                   main                                       */
  25          /******************************************************************/
  26          main()
  27          {
  28   1              uchar sled_disp_buff[]={0x3f,0x06,0x5b,0x4f,0x66,0x6d,0x7d,             // Table for 7-segment LED to display 0-
             -F
  29   1                              0x07,0x7f,0x6f,0x77,0x7c,0x39,0x5e,0x79,0x71};
  30   1              int i; 
  31   1      
  32   1          // The table has to be invented as LED is drived by an inventor
  33   1              for(i=0;i<0xF;i++)
  34   1              { sled_disp_buff[i] = ~sled_disp_buff[i];
  35   2              }
  36   1      
  37   1       while(1)
  38   1       {
  39   2      
  40   2              for(i=0;i<0xF;i++)
  41   2          {
  42   3                  digit_segment_port = sled_disp_buff[0];     
  43   3                  P10=1;
  44   3                      delay(5);
  45   3              P10=0;
  46   3                  digit_segment_port = sled_disp_buff[1];     
  47   3                  P11=1;
  48   3                      delay(5);
  49   3              P11=0;
  50   3                  digit_segment_port = sled_disp_buff[2];     
  51   3                  P12=1;
  52   3                      delay(5);
  53   3              P12=0;
  54   3                  digit_segment_port = sled_disp_buff[3];     
C51 COMPILER V7.06   DIGIT                                                                 09/12/2014 09:47:59 PAGE 2   

  55   3                  P13=1;
  56   3                      delay(5);
  57   3              P13=0;
  58   3              }
  59   2        }
  60   1      
  61   1      }


MODULE INFORMATION:   STATIC OVERLAYABLE
   CODE SIZE        =    122    ----
   CONSTANT SIZE    =     16    ----
   XDATA SIZE       =   ----    ----
   PDATA SIZE       =   ----    ----
   DATA SIZE        =   ----      16
   IDATA SIZE       =   ----    ----
   BIT SIZE         =   ----    ----
END OF MODULE INFORMATION.


C51 COMPILATION COMPLETE.  0 WARNING(S),  0 ERROR(S)
