C51 COMPILER V7.06   P0                                                                    09/10/2014 14:10:30 PAGE 1   


C51 COMPILER V7.06, COMPILATION OF MODULE P0
OBJECT MODULE PLACED IN p0.OBJ
COMPILER INVOKED BY: C:\Keil\C51\BIN\C51.EXE p0.c BROWSE DEBUG OBJECTEXTEND

stmt level    source

   1          #include <reg52.h>
   2          
   3          sbit WELA=P2^7;// Digit latch
   4          
   5          
   6          /******************************************************************/
   7          /*                   delay                                   */
   8          /******************************************************************/
   9          void Delay(unsigned int i)
  10          {
  11   1       while(--i);
  12   1      }
  13          
  14          /******************************************************************/
  15          /*                   main                                       */
  16          /******************************************************************/
  17          main()
  18          {
  19   1      
  20   1      ////////////////////////////////////////////////////////////////
  21   1              P1=0xFF;//close digit latch
  22   1              Delay(500);
  23   1              WELA=1;
  24   1              Delay(500);
  25   1              WELA=0;
  26   1      ////////////////////////////////////////////////////////////////
  27   1      
  28   1       while(1)
  29   1       {
  30   2          P1=0xFF;  
  31   2           Delay(500);        //speed
  32   2        }
  33   1      
  34   1      }
  35          


MODULE INFORMATION:   STATIC OVERLAYABLE
   CODE SIZE        =     32    ----
   CONSTANT SIZE    =   ----    ----
   XDATA SIZE       =   ----    ----
   PDATA SIZE       =   ----    ----
   DATA SIZE        =   ----    ----
   IDATA SIZE       =   ----    ----
   BIT SIZE         =   ----    ----
END OF MODULE INFORMATION.


C51 COMPILATION COMPLETE.  0 WARNING(S),  0 ERROR(S)
