C51 COMPILER V9.53.0.0   POWER_MANAGER                                                     09/24/2014 09:43:05 PAGE 1   


C51 COMPILER V9.53.0.0, COMPILATION OF MODULE POWER_MANAGER
OBJECT MODULE PLACED IN power_manager.OBJ
COMPILER INVOKED BY: C:\Keil_v5\C51\BIN\C51.EXE power_manager.c OPTIMIZE(8,SPEED) BROWSE DEBUG OBJECTEXTEND

line level    source

   1          #ifndef INTRINS_H
   2                  #include <intrins.h>
   3                  #define INTRINS_H
   4          #endif
   5                  
   6          #ifndef REG52_H
   7                  #include <reg52.h>      
   8                  #define REG52_H
   9          #endif  
  10          
  11          #ifndef POWER_MANAGER_H
  12                  #include <power_manager.h>
  13                  #define POWER_MANAGER_H
  14          #endif
  15          
  16          /*--------------------------------------------------------------------------------------------------------
             -------------------------------------
  17                  Description: Put microcontroller into idle mode to save power. The microcontroller will still run its osc
             -illator and its peripherals
  18                                           And it will wake up and back to normal operation once an interrupt has to be responsed. e.g. a timer 
             -timing out
  19            --------------------------------------------------------------------------------------------------------
             -------------------------------------*/
  20          
  21          void PutMicrocontrollerIntoIdleMode(void)
  22          {
  23   1              PCON = IDLE_MODE;
  24   1      }       
  25                  


MODULE INFORMATION:   STATIC OVERLAYABLE
   CODE SIZE        =      4    ----
   CONSTANT SIZE    =   ----    ----
   XDATA SIZE       =   ----    ----
   PDATA SIZE       =   ----    ----
   DATA SIZE        =   ----    ----
   IDATA SIZE       =   ----    ----
   BIT SIZE         =   ----    ----
END OF MODULE INFORMATION.


C51 COMPILATION COMPLETE.  0 WARNING(S),  0 ERROR(S)
